INFO 2025-08-13 13:37:13,267 _util 90320 139832449033920 message='Request to Stripe api' method=get url=https://api.stripe.com/v1/setup_intents/seti_1RverHCbn3uNw0MvbXoOlcLT
INFO 2025-08-13 13:37:13,504 _util 90320 139832449033920 message='Stripe API response' path=https://api.stripe.com/v1/setup_intents/seti_1RverHCbn3uNw0MvbXoOlcLT response_code=200
INFO 2025-08-13 13:37:13,504 _util 90320 139832449033920 message='Request to Stripe api' method=get url=https://api.stripe.com/v1/customers?email=andresjosehrr12%40gmail.com&limit=1
INFO 2025-08-13 13:37:13,725 _util 90320 139832449033920 message='Stripe API response' path=https://api.stripe.com/v1/customers?email=andresjosehrr12%40gmail.com&limit=1 response_code=200
INFO 2025-08-13 13:37:13,726 _util 90320 139832449033920 message='Request to Stripe api' method=post url=https://api.stripe.com/v1/customers/cus_SrNIcJzFe8Gr9y
INFO 2025-08-13 13:37:14,106 _util 90320 139832449033920 message='Stripe API response' path=https://api.stripe.com/v1/customers/cus_SrNIcJzFe8Gr9y response_code=200
INFO 2025-08-13 13:37:14,106 wordpress_service 90320 139832449033920 [STRIPE_UPDATE] Iniciando actualización de _stripe_source_id para andresjosehrr12@gmail.com
INFO 2025-08-13 13:37:14,107 wordpress_service 90320 139832449033920 [STRIPE_UPDATE] Nuevo payment_method_id: pm_1RvercCbn3uNw0Mv8yxpRXCa
INFO 2025-08-13 13:37:14,108 wordpress_service 90320 139832449033920 [METADATA_DEBUG] Obteniendo metadatos para orden padre 32994
INFO 2025-08-13 13:37:14,108 wordpress_service 90320 139832449033920 [METADATA_DEBUG] Orden padre 32994 - Metadatos obtenidos: ['_billing_address_index', '_edit_lock', '_initial_payment_reservation', '_last_payment_date', '_next_payment_amount', '_next_payment_amount_excl_tax', '_next_payment_date', '_next_payment_number', '_payment_mode', '_payment_plan_id', '_payment_retry_dates', '_payments', '_shipping_address_index', '_stripe_customer_id', '_stripe_source_id', '_total_paid_amount', '_total_paid_amount_excl_tax', 'base_selling_price', 'base_selling_price_eur', 'closer_email', 'downloadable_content_permission', 'exchange_rate_to_eur', 'is_custom_price', 'is_vat_exempt', 'order_currency']
INFO 2025-08-13 13:37:14,108 wordpress_service 90320 139832449033920 [METADATA_DEBUG] Orden padre 32994 - Tiene _stripe_source_id: True
INFO 2025-08-13 13:37:14,108 wordpress_service 90320 139832449033920 [METADATA_DEBUG] Orden padre 32994 - _stripe_source_id valor: pm_1RvdqxCbn3uNw0MvOgCe2hJU
INFO 2025-08-13 13:37:15,359 wordpress_service 90320 139832449033920 [METADATA_DEBUG] Obteniendo metadatos para orden 32993
INFO 2025-08-13 13:37:15,360 wordpress_service 90320 139832449033920 [METADATA_DEBUG] Orden 32993 - Metadatos obtenidos: ['_asp_upp_initial_payment', '_asp_upp_payment_completed', '_asp_upp_payment_number', '_asp_upp_relationship', '_base_currency_exchange_rate', '_billing_address_index', '_billing_tax_id', '_cart_discount_base_currency', '_cart_discount_tax_base_currency', '_order_shipping_base_currency', '_order_shipping_tax_base_currency', '_order_tax_base_currency', '_order_total_base_currency', '_recalculated_plan_info', '_shipping_address_index', '_stripe_charge_captured', '_stripe_currency', '_stripe_customer_id', '_stripe_fee', '_stripe_intent_id', '_stripe_level3_attempt', '_stripe_net', '_stripe_source_id', '_stripe_upe_payment_type', '_wc_order_attribution_device_type', '_wc_order_attribution_session_count', '_wc_order_attribution_session_entry', '_wc_order_attribution_session_pages', '_wc_order_attribution_session_start_time', '_wc_order_attribution_source_type', '_wc_order_attribution_user_agent', '_wc_order_attribution_utm_source', 'is_vat_exempt']
INFO 2025-08-13 13:37:15,360 wordpress_service 90320 139832449033920 [METADATA_DEBUG] Orden 32993 - Tiene _stripe_source_id: True
INFO 2025-08-13 13:37:15,360 wordpress_service 90320 139832449033920 [METADATA_DEBUG] Orden 32993 - _stripe_source_id valor: pm_1RvdqxCbn3uNw0MvOgCe2hJU
INFO 2025-08-13 13:37:15,360 wordpress_service 90320 139832449033920 [METADATA_DEBUG] Obteniendo metadatos para orden 32995
INFO 2025-08-13 13:37:15,361 wordpress_service 90320 139832449033920 [METADATA_DEBUG] Orden 32995 - Metadatos obtenidos: ['_asp_upp_payment_completed', '_asp_upp_payment_date', '_asp_upp_payment_number', '_asp_upp_relationship', '_asp_upp_schedule_payment', '_base_currency_exchange_rate', '_billing_address_index', '_cart_discount_base_currency', '_cart_discount_tax_base_currency', '_order_shipping_base_currency', '_order_shipping_tax_base_currency', '_order_tax_base_currency', '_order_total_base_currency', '_shipping_address_index', '_stripe_charge_captured', '_stripe_currency', '_stripe_customer_id', '_stripe_fee', '_stripe_intent_id', '_stripe_level3_attempt', '_stripe_lock_payment', '_stripe_net', '_stripe_source_id']
INFO 2025-08-13 13:37:15,361 wordpress_service 90320 139832449033920 [METADATA_DEBUG] Orden 32995 - Tiene _stripe_source_id: True
INFO 2025-08-13 13:37:15,361 wordpress_service 90320 139832449033920 [METADATA_DEBUG] Orden 32995 - _stripe_source_id valor: pm_1RvdqxCbn3uNw0MvOgCe2hJU
INFO 2025-08-13 13:37:15,361 wordpress_service 90320 139832449033920 [METADATA_DEBUG] Obteniendo metadatos para orden 32996
INFO 2025-08-13 13:37:15,361 wordpress_service 90320 139832449033920 [METADATA_DEBUG] Orden 32996 - Metadatos obtenidos: ['_asp_upp_payment_date', '_asp_upp_payment_number', '_asp_upp_relationship', '_asp_upp_schedule_payment', '_base_currency_exchange_rate', '_billing_address_index', '_cart_discount_base_currency', '_cart_discount_tax_base_currency', '_order_shipping_base_currency', '_order_shipping_tax_base_currency', '_order_tax_base_currency', '_order_total_base_currency', '_shipping_address_index']
INFO 2025-08-13 13:37:15,361 wordpress_service 90320 139832449033920 [METADATA_DEBUG] Orden 32996 - Tiene _stripe_source_id: False
INFO 2025-08-13 13:37:15,361 wordpress_service 90320 139832449033920 [METADATA_DEBUG] Obteniendo metadatos para orden 32997
INFO 2025-08-13 13:37:15,362 wordpress_service 90320 139832449033920 [METADATA_DEBUG] Orden 32997 - Metadatos obtenidos: ['_asp_upp_payment_date', '_asp_upp_payment_number', '_asp_upp_relationship', '_asp_upp_schedule_payment', '_base_currency_exchange_rate', '_billing_address_index', '_cart_discount_base_currency', '_cart_discount_tax_base_currency', '_order_shipping_base_currency', '_order_shipping_tax_base_currency', '_order_tax_base_currency', '_order_total_base_currency', '_shipping_address_index']
INFO 2025-08-13 13:37:15,362 wordpress_service 90320 139832449033920 [METADATA_DEBUG] Orden 32997 - Tiene _stripe_source_id: False
INFO 2025-08-13 13:37:15,362 wordpress_service 90320 139832449033920 [METADATA_DEBUG] Obteniendo metadatos para orden 32998
INFO 2025-08-13 13:37:15,362 wordpress_service 90320 139832449033920 [METADATA_DEBUG] Orden 32998 - Metadatos obtenidos: ['_asp_upp_payment_date', '_asp_upp_payment_number', '_asp_upp_relationship', '_asp_upp_schedule_payment', '_base_currency_exchange_rate', '_billing_address_index', '_cart_discount_base_currency', '_cart_discount_tax_base_currency', '_order_shipping_base_currency', '_order_shipping_tax_base_currency', '_order_tax_base_currency', '_order_total_base_currency', '_shipping_address_index']
INFO 2025-08-13 13:37:15,362 wordpress_service 90320 139832449033920 [METADATA_DEBUG] Orden 32998 - Tiene _stripe_source_id: False
INFO 2025-08-13 13:37:15,362 wordpress_service 90320 139832449033920 [METADATA_DEBUG] Obteniendo metadatos para orden 32999
INFO 2025-08-13 13:37:15,363 wordpress_service 90320 139832449033920 [METADATA_DEBUG] Orden 32999 - Metadatos obtenidos: ['_asp_upp_payment_date', '_asp_upp_payment_number', '_asp_upp_relationship', '_asp_upp_schedule_payment', '_base_currency_exchange_rate', '_billing_address_index', '_cart_discount_base_currency', '_cart_discount_tax_base_currency', '_order_shipping_base_currency', '_order_shipping_tax_base_currency', '_order_tax_base_currency', '_order_total_base_currency', '_shipping_address_index']
INFO 2025-08-13 13:37:15,363 wordpress_service 90320 139832449033920 [METADATA_DEBUG] Orden 32999 - Tiene _stripe_source_id: False
INFO 2025-08-13 13:37:15,363 wordpress_service 90320 139832449033920 [METADATA_DEBUG] Obteniendo metadatos para orden 33000
INFO 2025-08-13 13:37:15,363 wordpress_service 90320 139832449033920 [METADATA_DEBUG] Orden 33000 - Metadatos obtenidos: ['_asp_upp_payment_date', '_asp_upp_payment_number', '_asp_upp_relationship', '_asp_upp_schedule_payment', '_base_currency_exchange_rate', '_billing_address_index', '_cart_discount_base_currency', '_cart_discount_tax_base_currency', '_order_shipping_base_currency', '_order_shipping_tax_base_currency', '_order_tax_base_currency', '_order_total_base_currency', '_shipping_address_index']
INFO 2025-08-13 13:37:15,363 wordpress_service 90320 139832449033920 [METADATA_DEBUG] Orden 33000 - Tiene _stripe_source_id: False
INFO 2025-08-13 13:37:15,363 wordpress_service 90320 139832449033920 [METADATA_DEBUG] Obteniendo metadatos para orden 33001
INFO 2025-08-13 13:37:15,364 wordpress_service 90320 139832449033920 [METADATA_DEBUG] Orden 33001 - Metadatos obtenidos: ['_asp_upp_payment_date', '_asp_upp_payment_number', '_asp_upp_relationship', '_asp_upp_schedule_payment', '_base_currency_exchange_rate', '_billing_address_index', '_cart_discount_base_currency', '_cart_discount_tax_base_currency', '_order_shipping_base_currency', '_order_shipping_tax_base_currency', '_order_tax_base_currency', '_order_total_base_currency', '_shipping_address_index']
INFO 2025-08-13 13:37:15,364 wordpress_service 90320 139832449033920 [METADATA_DEBUG] Orden 33001 - Tiene _stripe_source_id: False
INFO 2025-08-13 13:37:15,364 wordpress_service 90320 139832449033920 [METADATA_DEBUG] Obteniendo metadatos para orden 33002
INFO 2025-08-13 13:37:15,364 wordpress_service 90320 139832449033920 [METADATA_DEBUG] Orden 33002 - Metadatos obtenidos: ['_asp_upp_payment_date', '_asp_upp_payment_number', '_asp_upp_relationship', '_asp_upp_schedule_payment', '_base_currency_exchange_rate', '_billing_address_index', '_cart_discount_base_currency', '_cart_discount_tax_base_currency', '_order_shipping_base_currency', '_order_shipping_tax_base_currency', '_order_tax_base_currency', '_order_total_base_currency', '_shipping_address_index']
INFO 2025-08-13 13:37:15,364 wordpress_service 90320 139832449033920 [METADATA_DEBUG] Orden 33002 - Tiene _stripe_source_id: False
INFO 2025-08-13 13:37:15,364 wordpress_service 90320 139832449033920 [METADATA_DEBUG] Obteniendo metadatos para orden 33003
INFO 2025-08-13 13:37:15,364 wordpress_service 90320 139832449033920 [METADATA_DEBUG] Orden 33003 - Metadatos obtenidos: ['_asp_upp_payment_date', '_asp_upp_payment_number', '_asp_upp_relationship', '_asp_upp_schedule_payment', '_base_currency_exchange_rate', '_billing_address_index', '_cart_discount_base_currency', '_cart_discount_tax_base_currency', '_order_shipping_base_currency', '_order_shipping_tax_base_currency', '_order_tax_base_currency', '_order_total_base_currency', '_shipping_address_index']
INFO 2025-08-13 13:37:15,364 wordpress_service 90320 139832449033920 [METADATA_DEBUG] Orden 33003 - Tiene _stripe_source_id: False
INFO 2025-08-13 13:37:15,365 wordpress_service 90320 139832449033920 [METADATA_DEBUG] Obteniendo metadatos para orden 33004
INFO 2025-08-13 13:37:15,365 wordpress_service 90320 139832449033920 [METADATA_DEBUG] Orden 33004 - Metadatos obtenidos: ['_asp_upp_payment_date', '_asp_upp_payment_number', '_asp_upp_relationship', '_asp_upp_schedule_payment', '_base_currency_exchange_rate', '_billing_address_index', '_cart_discount_base_currency', '_cart_discount_tax_base_currency', '_order_shipping_base_currency', '_order_shipping_tax_base_currency', '_order_tax_base_currency', '_order_total_base_currency', '_shipping_address_index']
INFO 2025-08-13 13:37:15,365 wordpress_service 90320 139832449033920 [METADATA_DEBUG] Orden 33004 - Tiene _stripe_source_id: False
INFO 2025-08-13 13:37:15,365 wordpress_service 90320 139832449033920 [METADATA_DEBUG] Obteniendo metadatos para orden 33005
INFO 2025-08-13 13:37:15,365 wordpress_service 90320 139832449033920 [METADATA_DEBUG] Orden 33005 - Metadatos obtenidos: ['_asp_upp_payment_date', '_asp_upp_payment_number', '_asp_upp_relationship', '_asp_upp_schedule_payment', '_base_currency_exchange_rate', '_billing_address_index', '_cart_discount_base_currency', '_cart_discount_tax_base_currency', '_order_shipping_base_currency', '_order_shipping_tax_base_currency', '_order_tax_base_currency', '_order_total_base_currency', '_shipping_address_index']
INFO 2025-08-13 13:37:15,366 wordpress_service 90320 139832449033920 [METADATA_DEBUG] Orden 33005 - Tiene _stripe_source_id: False
INFO 2025-08-13 13:37:15,366 wordpress_service 90320 139832449033920 [METADATA_DEBUG] Obteniendo metadatos para orden 33006
INFO 2025-08-13 13:37:15,366 wordpress_service 90320 139832449033920 [METADATA_DEBUG] Orden 33006 - Metadatos obtenidos: ['_asp_upp_payment_date', '_asp_upp_payment_number', '_asp_upp_relationship', '_asp_upp_schedule_payment', '_base_currency_exchange_rate', '_billing_address_index', '_cart_discount_base_currency', '_cart_discount_tax_base_currency', '_order_shipping_base_currency', '_order_shipping_tax_base_currency', '_order_tax_base_currency', '_order_total_base_currency', '_shipping_address_index']
INFO 2025-08-13 13:37:15,366 wordpress_service 90320 139832449033920 [METADATA_DEBUG] Orden 33006 - Tiene _stripe_source_id: False
INFO 2025-08-13 13:37:15,366 wordpress_service 90320 139832449033920 [METADATA_DEBUG] Obteniendo metadatos para orden 33007
INFO 2025-08-13 13:37:15,366 wordpress_service 90320 139832449033920 [METADATA_DEBUG] Orden 33007 - Metadatos obtenidos: ['_asp_upp_payment_date', '_asp_upp_payment_number', '_asp_upp_relationship', '_asp_upp_schedule_payment', '_base_currency_exchange_rate', '_billing_address_index', '_cart_discount_base_currency', '_cart_discount_tax_base_currency', '_order_shipping_base_currency', '_order_shipping_tax_base_currency', '_order_tax_base_currency', '_order_total_base_currency', '_shipping_address_index']
INFO 2025-08-13 13:37:15,366 wordpress_service 90320 139832449033920 [METADATA_DEBUG] Orden 33007 - Tiene _stripe_source_id: False
INFO 2025-08-13 13:37:15,367 wordpress_service 90320 139832449033920 [METADATA_DEBUG] Obteniendo metadatos para orden 33008
INFO 2025-08-13 13:37:15,367 wordpress_service 90320 139832449033920 [METADATA_DEBUG] Orden 33008 - Metadatos obtenidos: ['_asp_upp_payment_date', '_asp_upp_payment_number', '_asp_upp_relationship', '_asp_upp_schedule_payment', '_base_currency_exchange_rate', '_billing_address_index', '_cart_discount_base_currency', '_cart_discount_tax_base_currency', '_order_shipping_base_currency', '_order_shipping_tax_base_currency', '_order_tax_base_currency', '_order_total_base_currency', '_shipping_address_index']
INFO 2025-08-13 13:37:15,367 wordpress_service 90320 139832449033920 [METADATA_DEBUG] Orden 33008 - Tiene _stripe_source_id: False
INFO 2025-08-13 13:37:15,367 wordpress_service 90320 139832449033920 [METADATA_DEBUG] Obteniendo metadatos para orden 33009
INFO 2025-08-13 13:37:15,367 wordpress_service 90320 139832449033920 [METADATA_DEBUG] Orden 33009 - Metadatos obtenidos: ['_asp_upp_payment_date', '_asp_upp_payment_number', '_asp_upp_relationship', '_asp_upp_schedule_payment', '_base_currency_exchange_rate', '_billing_address_index', '_cart_discount_base_currency', '_cart_discount_tax_base_currency', '_order_shipping_base_currency', '_order_shipping_tax_base_currency', '_order_tax_base_currency', '_order_total_base_currency', '_shipping_address_index']
INFO 2025-08-13 13:37:15,367 wordpress_service 90320 139832449033920 [METADATA_DEBUG] Orden 33009 - Tiene _stripe_source_id: False
INFO 2025-08-13 13:37:15,368 wordpress_service 90320 139832449033920 [STRIPE_UPDATE] Órdenes estructuradas obtenidas. Total grupos: 1
INFO 2025-08-13 13:37:15,368 wordpress_service 90320 139832449033920 [STRIPE_UPDATE] Procesando grupo 1: Orden padre ID 32994
INFO 2025-08-13 13:37:15,368 wordpress_service 90320 139832449033920 [STRIPE_UPDATE] Total cuotas en este grupo: 16
INFO 2025-08-13 13:37:15,368 wordpress_service 90320 139832449033920 [STRIPE_UPDATE] ORDEN PADRE 32994
INFO 2025-08-13 13:37:15,368 wordpress_service 90320 139832449033920 [STRIPE_UPDATE] Metadatos de la orden padre: ['_billing_address_index', '_edit_lock', '_initial_payment_reservation', '_last_payment_date', '_next_payment_amount', '_next_payment_amount_excl_tax', '_next_payment_date', '_next_payment_number', '_payment_mode', '_payment_plan_id', '_payment_retry_dates', '_payments', '_shipping_address_index', '_stripe_customer_id', '_stripe_source_id', '_total_paid_amount', '_total_paid_amount_excl_tax', 'base_selling_price', 'base_selling_price_eur', 'closer_email', 'downloadable_content_permission', 'exchange_rate_to_eur', 'is_custom_price', 'is_vat_exempt', 'order_currency']
INFO 2025-08-13 13:37:15,368 wordpress_service 90320 139832449033920 [STRIPE_UPDATE] Orden padre 32994 tiene _stripe_source_id actual: pm_1RvdqxCbn3uNw0MvOgCe2hJU
INFO 2025-08-13 13:37:15,368 wordpress_service 90320 139832449033920 [STRIPE_UPDATE] Actualizando orden padre a nuevo valor: pm_1RvercCbn3uNw0Mv8yxpRXCa
INFO 2025-08-13 13:37:15,368 wordpress_service 90320 139832449033920 [UPDATE_META] Iniciando actualización: orden_id=32994, meta_key=_stripe_source_id, meta_value=pm_1RvercCbn3uNw0Mv8yxpRXCa
INFO 2025-08-13 13:37:15,369 wordpress_service 90320 139832449033920 [UPDATE_META] Verificando existencia del meta con query: 
                    SELECT id FROM wp_wc_orders_meta
                    WHERE order_id = %s AND meta_key = %s
                
INFO 2025-08-13 13:37:15,376 wordpress_service 90320 139832449033920 [UPDATE_META] Meta existente encontrado: (422692,)
INFO 2025-08-13 13:37:15,377 wordpress_service 90320 139832449033920 [UPDATE_META] Ejecutando UPDATE: 
                        UPDATE wp_wc_orders_meta
                        SET meta_value = %s
                        WHERE order_id = %s AND meta_key = %s
                     con valores (pm_1RvercCbn3uNw0Mv8yxpRXCa, 32994, _stripe_source_id)
INFO 2025-08-13 13:37:15,377 wordpress_service 90320 139832449033920 [UPDATE_META] Filas afectadas por UPDATE: 1
INFO 2025-08-13 13:37:15,384 wordpress_service 90320 139832449033920 [UPDATE_META] Commit realizado exitosamente
INFO 2025-08-13 13:37:15,384 wordpress_service 90320 139832449033920 [STRIPE_UPDATE] Resultado actualización para orden padre 32994: {'success': True, 'message': 'Meta _stripe_source_id updated exitosamente para orden 32994', 'operation': 'updated', 'order_id': 32994, 'meta_key': '_stripe_source_id', 'meta_value': 'pm_1RvercCbn3uNw0Mv8yxpRXCa'}
INFO 2025-08-13 13:37:15,384 wordpress_service 90320 139832449033920 [STRIPE_UPDATE] ✅ Orden padre 32994 actualizada exitosamente
INFO 2025-08-13 13:37:15,384 wordpress_service 90320 139832449033920 [STRIPE_UPDATE] Procesando cuotas ordenadas por ID ascendente
INFO 2025-08-13 13:37:15,384 wordpress_service 90320 139832449033920 [STRIPE_UPDATE] Cuota 1/16 - ID: 32993
INFO 2025-08-13 13:37:15,384 wordpress_service 90320 139832449033920 [STRIPE_UPDATE] Metadatos de la cuota: ['_asp_upp_initial_payment', '_asp_upp_payment_completed', '_asp_upp_payment_number', '_asp_upp_relationship', '_base_currency_exchange_rate', '_billing_address_index', '_billing_tax_id', '_cart_discount_base_currency', '_cart_discount_tax_base_currency', '_order_shipping_base_currency', '_order_shipping_tax_base_currency', '_order_tax_base_currency', '_order_total_base_currency', '_recalculated_plan_info', '_shipping_address_index', '_stripe_charge_captured', '_stripe_currency', '_stripe_customer_id', '_stripe_fee', '_stripe_intent_id', '_stripe_level3_attempt', '_stripe_net', '_stripe_source_id', '_stripe_upe_payment_type', '_wc_order_attribution_device_type', '_wc_order_attribution_session_count', '_wc_order_attribution_session_entry', '_wc_order_attribution_session_pages', '_wc_order_attribution_session_start_time', '_wc_order_attribution_source_type', '_wc_order_attribution_user_agent', '_wc_order_attribution_utm_source', 'is_vat_exempt']
INFO 2025-08-13 13:37:15,384 wordpress_service 90320 139832449033920 [STRIPE_UPDATE] Cuota 32993 tiene _stripe_source_id actual: pm_1RvdqxCbn3uNw0MvOgCe2hJU
INFO 2025-08-13 13:37:15,385 wordpress_service 90320 139832449033920 [STRIPE_UPDATE] Actualizando a nuevo valor: pm_1RvercCbn3uNw0Mv8yxpRXCa
INFO 2025-08-13 13:37:15,385 wordpress_service 90320 139832449033920 [UPDATE_META] Iniciando actualización: orden_id=32993, meta_key=_stripe_source_id, meta_value=pm_1RvercCbn3uNw0Mv8yxpRXCa
INFO 2025-08-13 13:37:15,385 wordpress_service 90320 139832449033920 [UPDATE_META] Verificando existencia del meta con query: 
                    SELECT id FROM wp_wc_orders_meta
                    WHERE order_id = %s AND meta_key = %s
                
INFO 2025-08-13 13:37:15,386 wordpress_service 90320 139832449033920 [UPDATE_META] Meta existente encontrado: (422681,)
INFO 2025-08-13 13:37:15,386 wordpress_service 90320 139832449033920 [UPDATE_META] Ejecutando UPDATE: 
                        UPDATE wp_wc_orders_meta
                        SET meta_value = %s
                        WHERE order_id = %s AND meta_key = %s
                     con valores (pm_1RvercCbn3uNw0Mv8yxpRXCa, 32993, _stripe_source_id)
INFO 2025-08-13 13:37:15,387 wordpress_service 90320 139832449033920 [UPDATE_META] Filas afectadas por UPDATE: 1
INFO 2025-08-13 13:37:15,392 wordpress_service 90320 139832449033920 [UPDATE_META] Commit realizado exitosamente
INFO 2025-08-13 13:37:15,392 wordpress_service 90320 139832449033920 [STRIPE_UPDATE] Resultado actualización para cuota 32993: {'success': True, 'message': 'Meta _stripe_source_id updated exitosamente para orden 32993', 'operation': 'updated', 'order_id': 32993, 'meta_key': '_stripe_source_id', 'meta_value': 'pm_1RvercCbn3uNw0Mv8yxpRXCa'}
INFO 2025-08-13 13:37:15,392 wordpress_service 90320 139832449033920 [STRIPE_UPDATE] ✅ Cuota 32993 actualizada exitosamente
INFO 2025-08-13 13:37:15,392 wordpress_service 90320 139832449033920 [STRIPE_UPDATE] Cuota 2/16 - ID: 32995
INFO 2025-08-13 13:37:15,392 wordpress_service 90320 139832449033920 [STRIPE_UPDATE] Metadatos de la cuota: ['_asp_upp_payment_completed', '_asp_upp_payment_date', '_asp_upp_payment_number', '_asp_upp_relationship', '_asp_upp_schedule_payment', '_base_currency_exchange_rate', '_billing_address_index', '_cart_discount_base_currency', '_cart_discount_tax_base_currency', '_order_shipping_base_currency', '_order_shipping_tax_base_currency', '_order_tax_base_currency', '_order_total_base_currency', '_shipping_address_index', '_stripe_charge_captured', '_stripe_currency', '_stripe_customer_id', '_stripe_fee', '_stripe_intent_id', '_stripe_level3_attempt', '_stripe_lock_payment', '_stripe_net', '_stripe_source_id']
INFO 2025-08-13 13:37:15,393 wordpress_service 90320 139832449033920 [STRIPE_UPDATE] Cuota 32995 tiene _stripe_source_id actual: pm_1RvdqxCbn3uNw0MvOgCe2hJU
INFO 2025-08-13 13:37:15,393 wordpress_service 90320 139832449033920 [STRIPE_UPDATE] Actualizando a nuevo valor: pm_1RvercCbn3uNw0Mv8yxpRXCa
INFO 2025-08-13 13:37:15,393 wordpress_service 90320 139832449033920 [UPDATE_META] Iniciando actualización: orden_id=32995, meta_key=_stripe_source_id, meta_value=pm_1RvercCbn3uNw0Mv8yxpRXCa
INFO 2025-08-13 13:37:15,393 wordpress_service 90320 139832449033920 [UPDATE_META] Verificando existencia del meta con query: 
                    SELECT id FROM wp_wc_orders_meta
                    WHERE order_id = %s AND meta_key = %s
                
INFO 2025-08-13 13:37:15,394 wordpress_service 90320 139832449033920 [UPDATE_META] Meta existente encontrado: (422696,)
INFO 2025-08-13 13:37:15,394 wordpress_service 90320 139832449033920 [UPDATE_META] Ejecutando UPDATE: 
                        UPDATE wp_wc_orders_meta
                        SET meta_value = %s
                        WHERE order_id = %s AND meta_key = %s
                     con valores (pm_1RvercCbn3uNw0Mv8yxpRXCa, 32995, _stripe_source_id)
INFO 2025-08-13 13:37:15,396 wordpress_service 90320 139832449033920 [UPDATE_META] Filas afectadas por UPDATE: 1
INFO 2025-08-13 13:37:15,400 wordpress_service 90320 139832449033920 [UPDATE_META] Commit realizado exitosamente
INFO 2025-08-13 13:37:15,400 wordpress_service 90320 139832449033920 [STRIPE_UPDATE] Resultado actualización para cuota 32995: {'success': True, 'message': 'Meta _stripe_source_id updated exitosamente para orden 32995', 'operation': 'updated', 'order_id': 32995, 'meta_key': '_stripe_source_id', 'meta_value': 'pm_1RvercCbn3uNw0Mv8yxpRXCa'}
INFO 2025-08-13 13:37:15,400 wordpress_service 90320 139832449033920 [STRIPE_UPDATE] ✅ Cuota 32995 actualizada exitosamente
INFO 2025-08-13 13:37:15,400 wordpress_service 90320 139832449033920 [STRIPE_UPDATE] Cuota 3/16 - ID: 32996
INFO 2025-08-13 13:37:15,401 wordpress_service 90320 139832449033920 [STRIPE_UPDATE] Metadatos de la cuota: ['_asp_upp_payment_date', '_asp_upp_payment_number', '_asp_upp_relationship', '_asp_upp_schedule_payment', '_base_currency_exchange_rate', '_billing_address_index', '_cart_discount_base_currency', '_cart_discount_tax_base_currency', '_order_shipping_base_currency', '_order_shipping_tax_base_currency', '_order_tax_base_currency', '_order_total_base_currency', '_shipping_address_index']
INFO 2025-08-13 13:37:15,401 wordpress_service 90320 139832449033920 [STRIPE_UPDATE] ⏭️ Cuota 32996 omitida - no tiene _stripe_source_id
INFO 2025-08-13 13:37:15,401 wordpress_service 90320 139832449033920 [STRIPE_UPDATE] Cuota 4/16 - ID: 32997
INFO 2025-08-13 13:37:15,401 wordpress_service 90320 139832449033920 [STRIPE_UPDATE] Metadatos de la cuota: ['_asp_upp_payment_date', '_asp_upp_payment_number', '_asp_upp_relationship', '_asp_upp_schedule_payment', '_base_currency_exchange_rate', '_billing_address_index', '_cart_discount_base_currency', '_cart_discount_tax_base_currency', '_order_shipping_base_currency', '_order_shipping_tax_base_currency', '_order_tax_base_currency', '_order_total_base_currency', '_shipping_address_index']
INFO 2025-08-13 13:37:15,401 wordpress_service 90320 139832449033920 [STRIPE_UPDATE] ⏭️ Cuota 32997 omitida - no tiene _stripe_source_id
INFO 2025-08-13 13:37:15,401 wordpress_service 90320 139832449033920 [STRIPE_UPDATE] Cuota 5/16 - ID: 32998
INFO 2025-08-13 13:37:15,401 wordpress_service 90320 139832449033920 [STRIPE_UPDATE] Metadatos de la cuota: ['_asp_upp_payment_date', '_asp_upp_payment_number', '_asp_upp_relationship', '_asp_upp_schedule_payment', '_base_currency_exchange_rate', '_billing_address_index', '_cart_discount_base_currency', '_cart_discount_tax_base_currency', '_order_shipping_base_currency', '_order_shipping_tax_base_currency', '_order_tax_base_currency', '_order_total_base_currency', '_shipping_address_index']
INFO 2025-08-13 13:37:15,401 wordpress_service 90320 139832449033920 [STRIPE_UPDATE] ⏭️ Cuota 32998 omitida - no tiene _stripe_source_id
INFO 2025-08-13 13:37:15,401 wordpress_service 90320 139832449033920 [STRIPE_UPDATE] Cuota 6/16 - ID: 32999
INFO 2025-08-13 13:37:15,401 wordpress_service 90320 139832449033920 [STRIPE_UPDATE] Metadatos de la cuota: ['_asp_upp_payment_date', '_asp_upp_payment_number', '_asp_upp_relationship', '_asp_upp_schedule_payment', '_base_currency_exchange_rate', '_billing_address_index', '_cart_discount_base_currency', '_cart_discount_tax_base_currency', '_order_shipping_base_currency', '_order_shipping_tax_base_currency', '_order_tax_base_currency', '_order_total_base_currency', '_shipping_address_index']
INFO 2025-08-13 13:37:15,401 wordpress_service 90320 139832449033920 [STRIPE_UPDATE] ⏭️ Cuota 32999 omitida - no tiene _stripe_source_id
INFO 2025-08-13 13:37:15,401 wordpress_service 90320 139832449033920 [STRIPE_UPDATE] Cuota 7/16 - ID: 33000
INFO 2025-08-13 13:37:15,401 wordpress_service 90320 139832449033920 [STRIPE_UPDATE] Metadatos de la cuota: ['_asp_upp_payment_date', '_asp_upp_payment_number', '_asp_upp_relationship', '_asp_upp_schedule_payment', '_base_currency_exchange_rate', '_billing_address_index', '_cart_discount_base_currency', '_cart_discount_tax_base_currency', '_order_shipping_base_currency', '_order_shipping_tax_base_currency', '_order_tax_base_currency', '_order_total_base_currency', '_shipping_address_index']
INFO 2025-08-13 13:37:15,401 wordpress_service 90320 139832449033920 [STRIPE_UPDATE] ⏭️ Cuota 33000 omitida - no tiene _stripe_source_id
INFO 2025-08-13 13:37:15,401 wordpress_service 90320 139832449033920 [STRIPE_UPDATE] Cuota 8/16 - ID: 33001
INFO 2025-08-13 13:37:15,402 wordpress_service 90320 139832449033920 [STRIPE_UPDATE] Metadatos de la cuota: ['_asp_upp_payment_date', '_asp_upp_payment_number', '_asp_upp_relationship', '_asp_upp_schedule_payment', '_base_currency_exchange_rate', '_billing_address_index', '_cart_discount_base_currency', '_cart_discount_tax_base_currency', '_order_shipping_base_currency', '_order_shipping_tax_base_currency', '_order_tax_base_currency', '_order_total_base_currency', '_shipping_address_index']
INFO 2025-08-13 13:37:15,402 wordpress_service 90320 139832449033920 [STRIPE_UPDATE] ⏭️ Cuota 33001 omitida - no tiene _stripe_source_id
INFO 2025-08-13 13:37:15,402 wordpress_service 90320 139832449033920 [STRIPE_UPDATE] Cuota 9/16 - ID: 33002
INFO 2025-08-13 13:37:15,402 wordpress_service 90320 139832449033920 [STRIPE_UPDATE] Metadatos de la cuota: ['_asp_upp_payment_date', '_asp_upp_payment_number', '_asp_upp_relationship', '_asp_upp_schedule_payment', '_base_currency_exchange_rate', '_billing_address_index', '_cart_discount_base_currency', '_cart_discount_tax_base_currency', '_order_shipping_base_currency', '_order_shipping_tax_base_currency', '_order_tax_base_currency', '_order_total_base_currency', '_shipping_address_index']
INFO 2025-08-13 13:37:15,402 wordpress_service 90320 139832449033920 [STRIPE_UPDATE] ⏭️ Cuota 33002 omitida - no tiene _stripe_source_id
INFO 2025-08-13 13:37:15,402 wordpress_service 90320 139832449033920 [STRIPE_UPDATE] Cuota 10/16 - ID: 33003
INFO 2025-08-13 13:37:15,402 wordpress_service 90320 139832449033920 [STRIPE_UPDATE] Metadatos de la cuota: ['_asp_upp_payment_date', '_asp_upp_payment_number', '_asp_upp_relationship', '_asp_upp_schedule_payment', '_base_currency_exchange_rate', '_billing_address_index', '_cart_discount_base_currency', '_cart_discount_tax_base_currency', '_order_shipping_base_currency', '_order_shipping_tax_base_currency', '_order_tax_base_currency', '_order_total_base_currency', '_shipping_address_index']
INFO 2025-08-13 13:37:15,402 wordpress_service 90320 139832449033920 [STRIPE_UPDATE] ⏭️ Cuota 33003 omitida - no tiene _stripe_source_id
INFO 2025-08-13 13:37:15,402 wordpress_service 90320 139832449033920 [STRIPE_UPDATE] Cuota 11/16 - ID: 33004
INFO 2025-08-13 13:37:15,402 wordpress_service 90320 139832449033920 [STRIPE_UPDATE] Metadatos de la cuota: ['_asp_upp_payment_date', '_asp_upp_payment_number', '_asp_upp_relationship', '_asp_upp_schedule_payment', '_base_currency_exchange_rate', '_billing_address_index', '_cart_discount_base_currency', '_cart_discount_tax_base_currency', '_order_shipping_base_currency', '_order_shipping_tax_base_currency', '_order_tax_base_currency', '_order_total_base_currency', '_shipping_address_index']
INFO 2025-08-13 13:37:15,402 wordpress_service 90320 139832449033920 [STRIPE_UPDATE] ⏭️ Cuota 33004 omitida - no tiene _stripe_source_id
INFO 2025-08-13 13:37:15,402 wordpress_service 90320 139832449033920 [STRIPE_UPDATE] Cuota 12/16 - ID: 33005
INFO 2025-08-13 13:37:15,402 wordpress_service 90320 139832449033920 [STRIPE_UPDATE] Metadatos de la cuota: ['_asp_upp_payment_date', '_asp_upp_payment_number', '_asp_upp_relationship', '_asp_upp_schedule_payment', '_base_currency_exchange_rate', '_billing_address_index', '_cart_discount_base_currency', '_cart_discount_tax_base_currency', '_order_shipping_base_currency', '_order_shipping_tax_base_currency', '_order_tax_base_currency', '_order_total_base_currency', '_shipping_address_index']
INFO 2025-08-13 13:37:15,402 wordpress_service 90320 139832449033920 [STRIPE_UPDATE] ⏭️ Cuota 33005 omitida - no tiene _stripe_source_id
INFO 2025-08-13 13:37:15,403 wordpress_service 90320 139832449033920 [STRIPE_UPDATE] Cuota 13/16 - ID: 33006
INFO 2025-08-13 13:37:15,403 wordpress_service 90320 139832449033920 [STRIPE_UPDATE] Metadatos de la cuota: ['_asp_upp_payment_date', '_asp_upp_payment_number', '_asp_upp_relationship', '_asp_upp_schedule_payment', '_base_currency_exchange_rate', '_billing_address_index', '_cart_discount_base_currency', '_cart_discount_tax_base_currency', '_order_shipping_base_currency', '_order_shipping_tax_base_currency', '_order_tax_base_currency', '_order_total_base_currency', '_shipping_address_index']
INFO 2025-08-13 13:37:15,403 wordpress_service 90320 139832449033920 [STRIPE_UPDATE] ⏭️ Cuota 33006 omitida - no tiene _stripe_source_id
INFO 2025-08-13 13:37:15,403 wordpress_service 90320 139832449033920 [STRIPE_UPDATE] Cuota 14/16 - ID: 33007
INFO 2025-08-13 13:37:15,403 wordpress_service 90320 139832449033920 [STRIPE_UPDATE] Metadatos de la cuota: ['_asp_upp_payment_date', '_asp_upp_payment_number', '_asp_upp_relationship', '_asp_upp_schedule_payment', '_base_currency_exchange_rate', '_billing_address_index', '_cart_discount_base_currency', '_cart_discount_tax_base_currency', '_order_shipping_base_currency', '_order_shipping_tax_base_currency', '_order_tax_base_currency', '_order_total_base_currency', '_shipping_address_index']
INFO 2025-08-13 13:37:15,403 wordpress_service 90320 139832449033920 [STRIPE_UPDATE] ⏭️ Cuota 33007 omitida - no tiene _stripe_source_id
INFO 2025-08-13 13:37:15,403 wordpress_service 90320 139832449033920 [STRIPE_UPDATE] Cuota 15/16 - ID: 33008
INFO 2025-08-13 13:37:15,403 wordpress_service 90320 139832449033920 [STRIPE_UPDATE] Metadatos de la cuota: ['_asp_upp_payment_date', '_asp_upp_payment_number', '_asp_upp_relationship', '_asp_upp_schedule_payment', '_base_currency_exchange_rate', '_billing_address_index', '_cart_discount_base_currency', '_cart_discount_tax_base_currency', '_order_shipping_base_currency', '_order_shipping_tax_base_currency', '_order_tax_base_currency', '_order_total_base_currency', '_shipping_address_index']
INFO 2025-08-13 13:37:15,403 wordpress_service 90320 139832449033920 [STRIPE_UPDATE] ⏭️ Cuota 33008 omitida - no tiene _stripe_source_id
INFO 2025-08-13 13:37:15,403 wordpress_service 90320 139832449033920 [STRIPE_UPDATE] Cuota 16/16 - ID: 33009
INFO 2025-08-13 13:37:15,403 wordpress_service 90320 139832449033920 [STRIPE_UPDATE] Metadatos de la cuota: ['_asp_upp_payment_date', '_asp_upp_payment_number', '_asp_upp_relationship', '_asp_upp_schedule_payment', '_base_currency_exchange_rate', '_billing_address_index', '_cart_discount_base_currency', '_cart_discount_tax_base_currency', '_order_shipping_base_currency', '_order_shipping_tax_base_currency', '_order_tax_base_currency', '_order_total_base_currency', '_shipping_address_index']
INFO 2025-08-13 13:37:15,404 wordpress_service 90320 139832449033920 [STRIPE_UPDATE] ⏭️ Cuota 33009 omitida - no tiene _stripe_source_id
INFO 2025-08-13 13:37:15,404 wordpress_service 90320 139832449033920 [STRIPE_UPDATE] Resumen final:
INFO 2025-08-13 13:37:15,404 wordpress_service 90320 139832449033920 [STRIPE_UPDATE] - Cuotas actualizadas: 3
INFO 2025-08-13 13:37:15,404 wordpress_service 90320 139832449033920 [STRIPE_UPDATE] - Cuotas omitidas: 14
INFO 2025-08-13 13:37:15,404 wordpress_service 90320 139832449033920 [STRIPE_UPDATE] - Total procesadas: 17
INFO 2025-08-13 13:37:15,404 basehttp 90320 139832449033920 "POST /metodo-pago/Z0FBQUFBQm9uSkI3dWxnYWkwalhoNk16SWlYdEFvRXdLTFl1Ukt0R3BHbXpVWTQ1ZG50bFhEd0FPVjNMejMyRUlRcXkzMWM0T09XVjFBV0Y1eWZZc3NzQU1zXzF1em5jSHBFQnVyMFhwY29meExPYTBiR0hoVWc9/cambiar-metodo-pago/ HTTP/1.1" 200 89
INFO 2025-08-13 13:38:52,127 autoreload 90320 139832602132608 /var/www/conquerpass/services/wordpress_service.py changed, reloading.
INFO 2025-08-13 13:38:52,534 autoreload 92980 139780075151488 Watching for file changes with StatReloader
INFO 2025-08-13 13:39:01,097 autoreload 92980 139780075151488 /var/www/conquerpass/services/wordpress_service.py changed, reloading.
INFO 2025-08-13 13:39:01,500 autoreload 93153 139625380114560 Watching for file changes with StatReloader
INFO 2025-08-13 13:39:16,985 autoreload 93153 139625380114560 /var/www/conquerpass/services/wordpress_service.py changed, reloading.
INFO 2025-08-13 13:39:17,331 autoreload 93330 140648280522880 Watching for file changes with StatReloader
INFO 2025-08-13 13:39:51,932 autoreload 93330 140648280522880 /var/www/conquerpass/services/wordpress_service.py changed, reloading.
INFO 2025-08-13 13:39:52,282 autoreload 94059 139812482953344 Watching for file changes with StatReloader
INFO 2025-08-13 13:39:58,760 autoreload 94059 139812482953344 /var/www/conquerpass/services/wordpress_service.py changed, reloading.
INFO 2025-08-13 13:39:59,059 autoreload 94146 140203347251328 Watching for file changes with StatReloader
INFO 2025-08-13 13:48:18,001 _util 94146 140203190384320 message='Request to Stripe api' method=get url=https://api.stripe.com/v1/customers?email=andresjosehrr13%40gmail.com&limit=1
INFO 2025-08-13 13:48:18,473 _util 94146 140203190384320 message='Stripe API response' path=https://api.stripe.com/v1/customers?email=andresjosehrr13%40gmail.com&limit=1 response_code=200
INFO 2025-08-13 13:48:18,474 _util 94146 140203190384320 message='Request to Stripe api' method=post url=https://api.stripe.com/v1/setup_intents
INFO 2025-08-13 13:48:18,721 _util 94146 140203190384320 message='Stripe API response' path=https://api.stripe.com/v1/setup_intents response_code=200
INFO 2025-08-13 13:48:18,728 basehttp 94146 140203190384320 "GET /metodo-pago/Z0FBQUFBQm9uSmVmSVpScUQ1dkV0amtvZUt5cWVwVzBnaUt3QkR5MVdKb0lXV1hQWWU1ZFFCOEVLNlVZaGxtWGxTa1R5bmVSMlRiVkZuUnRiNXJYMENqZC1pY0UtUlp3WmZhSV9KZVVhQVZjcmVwRTlCbDRDTGM9/cambiar-metodo-pago/ HTTP/1.1" 200 19017
INFO 2025-08-13 13:48:40,489 _util 94146 140203190384320 message='Request to Stripe api' method=get url=https://api.stripe.com/v1/setup_intents/seti_1Rvf2MCbn3uNw0MvSnTFvNYM
INFO 2025-08-13 13:48:40,732 _util 94146 140203190384320 message='Stripe API response' path=https://api.stripe.com/v1/setup_intents/seti_1Rvf2MCbn3uNw0MvSnTFvNYM response_code=200
INFO 2025-08-13 13:48:40,732 _util 94146 140203190384320 message='Request to Stripe api' method=get url=https://api.stripe.com/v1/customers?email=andresjosehrr13%40gmail.com&limit=1
INFO 2025-08-13 13:48:40,960 _util 94146 140203190384320 message='Stripe API response' path=https://api.stripe.com/v1/customers?email=andresjosehrr13%40gmail.com&limit=1 response_code=200
INFO 2025-08-13 13:48:40,961 _util 94146 140203190384320 message='Request to Stripe api' method=post url=https://api.stripe.com/v1/customers/cus_SrNkaw0dSe4rL7
INFO 2025-08-13 13:48:41,371 _util 94146 140203190384320 message='Stripe API response' path=https://api.stripe.com/v1/customers/cus_SrNkaw0dSe4rL7 response_code=200
INFO 2025-08-13 13:48:42,606 basehttp 94146 140203190384320 "POST /metodo-pago/Z0FBQUFBQm9uSmVmSVpScUQ1dkV0amtvZUt5cWVwVzBnaUt3QkR5MVdKb0lXV1hQWWU1ZFFCOEVLNlVZaGxtWGxTa1R5bmVSMlRiVkZuUnRiNXJYMENqZC1pY0UtUlp3WmZhSV9KZVVhQVZjcmVwRTlCbDRDTGM9/cambiar-metodo-pago/ HTTP/1.1" 200 89
INFO 2025-08-13 13:53:49,582 _util 94146 140203190384320 message='Request to Stripe api' method=get url=https://api.stripe.com/v1/customers?email=andresjosehrr15%40gmail.com&limit=1
INFO 2025-08-13 13:53:50,023 _util 94146 140203190384320 message='Stripe API response' path=https://api.stripe.com/v1/customers?email=andresjosehrr15%40gmail.com&limit=1 response_code=200
INFO 2025-08-13 13:53:50,023 _util 94146 140203190384320 message='Request to Stripe api' method=post url=https://api.stripe.com/v1/setup_intents
INFO 2025-08-13 13:53:50,270 _util 94146 140203190384320 message='Stripe API response' path=https://api.stripe.com/v1/setup_intents response_code=200
INFO 2025-08-13 13:53:50,271 basehttp 94146 140203190384320 "GET /metodo-pago/Z0FBQUFBQm9uSmpyNXVoZmhXUjhRb3ZZOWVSNFFJOHNfRFBTXzl0SU5IYnZfVlNBWnA1OWhhV3NHR3U5Q1gyWHFfb1RodGtPNlk2R0wzRm1haURrY1NHMjBRNjJab0pSNHpwUlFlT1JfdTdTUm9PLWFCbDl5UVk9/cambiar-metodo-pago/ HTTP/1.1" 200 19017
INFO 2025-08-13 13:54:12,758 _util 94146 140203190384320 message='Request to Stripe api' method=get url=https://api.stripe.com/v1/setup_intents/seti_1Rvf7hCbn3uNw0MvvIFNWrWq
INFO 2025-08-13 13:54:12,991 _util 94146 140203190384320 message='Stripe API response' path=https://api.stripe.com/v1/setup_intents/seti_1Rvf7hCbn3uNw0MvvIFNWrWq response_code=200
INFO 2025-08-13 13:54:12,991 _util 94146 140203190384320 message='Request to Stripe api' method=get url=https://api.stripe.com/v1/customers?email=andresjosehrr15%40gmail.com&limit=1
INFO 2025-08-13 13:54:13,210 _util 94146 140203190384320 message='Stripe API response' path=https://api.stripe.com/v1/customers?email=andresjosehrr15%40gmail.com&limit=1 response_code=200
INFO 2025-08-13 13:54:13,210 _util 94146 140203190384320 message='Request to Stripe api' method=post url=https://api.stripe.com/v1/customers/cus_SrNsI6FGpJOXzg
INFO 2025-08-13 13:54:13,608 _util 94146 140203190384320 message='Stripe API response' path=https://api.stripe.com/v1/customers/cus_SrNsI6FGpJOXzg response_code=200
INFO 2025-08-13 13:54:14,859 basehttp 94146 140203190384320 "POST /metodo-pago/Z0FBQUFBQm9uSmpyNXVoZmhXUjhRb3ZZOWVSNFFJOHNfRFBTXzl0SU5IYnZfVlNBWnA1OWhhV3NHR3U5Q1gyWHFfb1RodGtPNlk2R0wzRm1haURrY1NHMjBRNjJab0pSNHpwUlFlT1JfdTdTUm9PLWFCbDl5UVk9/cambiar-metodo-pago/ HTTP/1.1" 200 89
